{"level":"info","message":"\t::1 POST /api/v1/auth/login/admin 200 248 - 18.384 ms","timestamp":"2026-01-20 08:47:12"}
{"level":"info","message":"\t::1 GET /api/v1/auth/me 200 116 - 3.883 ms","timestamp":"2026-01-20 08:47:12"}
{"level":"info","message":"\t::ffff:127.0.0.1 GET /api/v1/admin/accounts 304 - - 9.543 ms","timestamp":"2026-01-20 08:47:12"}
{"level":"info","message":"\t::1 GET /api/v1/admin/exams 304 - - 8.768 ms","timestamp":"2026-01-20 08:47:12"}
{"level":"info","message":"\t::ffff:127.0.0.1 GET /api/v1/admin/exams 304 - - 5.659 ms","timestamp":"2026-01-20 08:47:17"}
{"level":"info","message":"\t::ffff:127.0.0.1 GET /api/v1/admin/accounts 304 - - 4.201 ms","timestamp":"2026-01-20 08:47:19"}
{"level":"info","message":"\t::ffff:127.0.0.1 GET /api/v1/admin/exams 304 - - 6.848 ms","timestamp":"2026-01-20 08:47:20"}
{"level":"info","message":"\t::1 GET /api/v1/admin/accounts 304 - - 4.395 ms","timestamp":"2026-01-20 08:47:20"}
{"level":"info","message":"\t::ffff:127.0.0.1 GET /api/v1/admin/accounts 304 - - 4.090 ms","timestamp":"2026-01-20 08:47:21"}
{"level":"info","message":"\t::ffff:127.0.0.1 GET /api/v1/admin/exams 304 - - 4.231 ms","timestamp":"2026-01-20 08:47:21"}
{"level":"info","message":"\t::1 GET /api/v1/admin/exams/candidates/results 304 - - 6.274 ms","timestamp":"2026-01-20 08:47:21"}
{"level":"info","message":"\t::ffff:127.0.0.1 GET /api/v1/admin/exams/candidates/results 304 - - 5.776 ms","timestamp":"2026-01-20 08:47:22"}
{"level":"info","message":"\t::1 GET /api/v1/admin/exams 304 - - 3.823 ms","timestamp":"2026-01-20 08:47:22"}
{"level":"info","message":"\t::ffff:127.0.0.1 GET /api/v1/admin/accounts 304 - - 3.059 ms","timestamp":"2026-01-20 08:47:22"}
{"level":"info","message":"\t::1 GET /api/v1/admin/accounts 304 - - 4.398 ms","timestamp":"2026-01-20 08:47:23"}
{"level":"info","message":"\t::ffff:127.0.0.1 GET /api/v1/admin/accounts 304 - - 4.098 ms","timestamp":"2026-01-20 08:47:23"}
{"level":"info","message":"\t::ffff:127.0.0.1 GET /api/v1/admin/exams 304 - - 16.500 ms","timestamp":"2026-01-20 08:47:54"}
{"level":"info","message":"\t::ffff:127.0.0.1 GET /api/v1/admin/accounts 304 - - 4.929 ms","timestamp":"2026-01-20 08:47:55"}
{"level":"info","message":"\t::ffff:127.0.0.1 GET /api/v1/admin/exams 304 - - 3.802 ms","timestamp":"2026-01-20 08:47:56"}
{"level":"info","message":"\t::1 GET /api/v1/admin/exams/candidates/results 304 - - 6.593 ms","timestamp":"2026-01-20 08:47:56"}
{"level":"info","message":"\t::ffff:127.0.0.1 GET /api/v1/admin/accounts 304 - - 7.358 ms","timestamp":"2026-01-20 08:47:56"}
{"level":"info","message":"\t::1 GET /api/v1/admin/exams 304 - - 7.226 ms","timestamp":"2026-01-20 08:47:56"}
{"level":"info","message":"\t::ffff:127.0.0.1 GET /api/v1/admin/exams/candidates/results 304 - - 7.437 ms","timestamp":"2026-01-20 08:47:57"}
{"level":"info","message":"\t::1 GET /api/v1/admin/exams 304 - - 5.830 ms","timestamp":"2026-01-20 08:47:57"}
{"level":"info","message":"\t::ffff:127.0.0.1 GET /api/v1/admin/accounts 304 - - 3.959 ms","timestamp":"2026-01-20 08:47:57"}
{"level":"info","message":"\t::1 GET /api/v1/admin/exams 304 - - 4.596 ms","timestamp":"2026-01-20 08:47:58"}
{"level":"info","message":"\t::ffff:127.0.0.1 GET /api/v1/admin/accounts 304 - - 5.595 ms","timestamp":"2026-01-20 08:47:58"}
{"level":"info","message":"\t::1 GET /api/v1/admin/exams 304 - - 4.859 ms","timestamp":"2026-01-20 08:47:58"}
{"level":"info","message":"\tGET /api/v1/admin/exams \u001b[32m304\u001b[0m 16.257ms","timestamp":"2026-01-20 08:51:00"}
{"level":"info","message":"\tGET /api/v1/admin/exams \u001b[32m304\u001b[0m 5.108ms","timestamp":"2026-01-20 08:51:02"}
{"level":"info","message":"\tGET /api/v1/admin/accounts \u001b[32m304\u001b[0m 5.203ms","timestamp":"2026-01-20 08:51:02"}
{"level":"info","message":"\tGET /api/v1/admin/accounts \u001b[32m304\u001b[0m 4.268ms","timestamp":"2026-01-20 08:51:06"}
{"level":"info","message":"\tGET /api/v1/admin/exams/candidates/results \u001b[32m304\u001b[0m 9.216ms","timestamp":"2026-01-20 08:51:06"}
{"level":"info","message":"\tGET /api/v1/admin/exams \u001b[32m304\u001b[0m 7.327ms","timestamp":"2026-01-20 08:51:06"}
{"level":"info","message":"\tGET /api/v1/admin/exams \u001b[32m304\u001b[0m 7.482ms","timestamp":"2026-01-20 08:51:07"}
{"level":"info","message":"\tGET /api/v1/admin/accounts \u001b[32m304\u001b[0m 4.682ms","timestamp":"2026-01-20 08:51:07"}
{"level":"info","message":"\tGET /api/v1/admin/accounts \u001b[32m304\u001b[0m 4.046ms","timestamp":"2026-01-20 08:51:09"}
{"level":"info","message":"\tGET /api/v1/admin/exams \u001b[32m304\u001b[0m 3.871ms","timestamp":"2026-01-20 08:51:09"}
{"level":"info","message":"\tGET /api/v1/admin/exams/candidates/results \u001b[32m304\u001b[0m 18.756ms","timestamp":"2026-01-20 08:51:39"}
{"level":"info","message":"\tGET /api/v1/admin/exams \u001b[32m304\u001b[0m 14.645ms","timestamp":"2026-01-20 08:51:39"}
{"level":"info","message":"\tGET /api/v1/admin/accounts \u001b[32m304\u001b[0m 4.835ms","timestamp":"2026-01-20 08:51:42"}
{"level":"info","message":"\tGET /api/v1/admin/accounts \u001b[32m304\u001b[0m 15.301ms","timestamp":"2026-01-20 08:51:54"}
{"level":"info","message":"\tGET /api/v1/admin/exams \u001b[32m304\u001b[0m 14.339ms","timestamp":"2026-01-20 08:51:54"}
{"level":"info","message":"\tGET /api/v1/admin/exams \u001b[32m304\u001b[0m 5.021ms","timestamp":"2026-01-20 08:51:55"}
{"level":"info","message":"\tGET /api/v1/admin/positions \u001b[32m304\u001b[0m 3.529ms","timestamp":"2026-01-20 08:51:56"}
{"level":"info","message":"\tPOST /api/v1/auth/login/admin \u001b[32m200\u001b[0m 11.039ms","timestamp":"2026-01-20 09:15:04"}
{"level":"info","message":"\tGET /api/v1/auth/me \u001b[32m200\u001b[0m 3.240ms","timestamp":"2026-01-20 09:15:04"}
{"level":"info","message":"\tGET /api/v1/admin/accounts \u001b[32m304\u001b[0m 4.047ms","timestamp":"2026-01-20 09:15:04"}
{"level":"info","message":"\tGET /api/v1/admin/exams \u001b[32m304\u001b[0m 4.951ms","timestamp":"2026-01-20 09:15:04"}
{"level":"info","message":"\tPOST /api/v1/auth/login/admin \u001b[32m200\u001b[0m 8.676ms","timestamp":"2026-01-20 09:29:57"}
{"level":"info","message":"\tGET /api/v1/auth/me \u001b[32m200\u001b[0m 3.675ms","timestamp":"2026-01-20 09:29:57"}
{"level":"info","message":"\tGET /api/v1/admin/accounts \u001b[32m304\u001b[0m 11.563ms","timestamp":"2026-01-20 09:29:58"}
{"level":"info","message":"\tGET /api/v1/admin/exams \u001b[32m304\u001b[0m 12.982ms","timestamp":"2026-01-20 09:29:58"}
{"level":"info","message":"\tGET /api/v1/admin/exams \u001b[32m304\u001b[0m 5.367ms","timestamp":"2026-01-20 09:30:00"}
{"level":"info","message":"\tGET /api/v1/admin/accounts \u001b[32m304\u001b[0m 5.260ms","timestamp":"2026-01-20 09:30:01"}
{"level":"info","message":"\tGET /api/v1/admin/positions \u001b[32m304\u001b[0m 4.239ms","timestamp":"2026-01-20 09:30:02"}
{"level":"info","message":"\tPOST /api/v1/admin/accounts \u001b[32m200\u001b[0m 13.472ms","timestamp":"2026-01-20 09:30:09"}
{"level":"info","message":"\tGET /api/v1/admin/accounts \u001b[32m200\u001b[0m 5.373ms","timestamp":"2026-01-20 09:30:09"}
{"level":"info","message":"\tGET /api/v1/admin/accounts \u001b[32m304\u001b[0m 3.738ms","timestamp":"2026-01-20 09:30:10"}
{"level":"info","message":"\tGET /api/v1/admin/exams \u001b[32m304\u001b[0m 5.689ms","timestamp":"2026-01-20 09:30:10"}
{"level":"info","message":"\tPOST /api/v1/admin/accounts/invitation \u001b[32m200\u001b[0m 1410.463ms","timestamp":"2026-01-20 09:30:17"}
{"level":"info","message":"\tGET /api/v1/admin/accounts \u001b[32m304\u001b[0m 4.729ms","timestamp":"2026-01-20 09:30:17"}
{"level":"info","message":"\tGET /api/v1/admin/accounts \u001b[32m304\u001b[0m 20.971ms","timestamp":"2026-01-20 09:31:34"}
{"level":"info","message":"\tGET /api/v1/admin/exams \u001b[32m304\u001b[0m 19.868ms","timestamp":"2026-01-20 09:31:34"}
{"level":"info","message":"\tPOST /api/v1/admin/accounts/invitation \u001b[32m200\u001b[0m 1262.629ms","timestamp":"2026-01-20 09:31:39"}
{"level":"info","message":"\tGET /api/v1/admin/accounts \u001b[32m304\u001b[0m 6.442ms","timestamp":"2026-01-20 09:31:40"}
{"level":"info","message":"\tPOST /api/v1/admin/accounts/invitation \u001b[32m200\u001b[0m 1078.903ms","timestamp":"2026-01-20 09:32:08"}
{"level":"info","message":"\tGET /api/v1/admin/accounts \u001b[32m304\u001b[0m 5.107ms","timestamp":"2026-01-20 09:32:08"}
{"level":"info","message":"\tPOST /api/v1/admin/accounts/invitation \u001b[32m200\u001b[0m 1394.747ms","timestamp":"2026-01-20 09:35:31"}
{"level":"info","message":"\tGET /api/v1/admin/accounts \u001b[32m304\u001b[0m 10.617ms","timestamp":"2026-01-20 09:35:31"}
{"level":"info","message":"\tPOST /api/v1/admin/accounts/invitation \u001b[32m200\u001b[0m 5013.472ms","timestamp":"2026-01-20 09:36:15"}
{"level":"info","message":"\tGET /api/v1/admin/accounts \u001b[32m304\u001b[0m 11.440ms","timestamp":"2026-01-20 09:36:15"}
{"level":"info","message":"\tPOST /api/v1/auth/login/admin \u001b[33m401\u001b[0m 18.940ms","timestamp":"2026-01-20 09:43:56"}
{"level":"info","message":"\tPOST /api/v1/auth/login/admin \u001b[32m200\u001b[0m 4.691ms","timestamp":"2026-01-20 09:44:00"}
{"level":"info","message":"\tGET /api/v1/auth/me \u001b[32m200\u001b[0m 4.209ms","timestamp":"2026-01-20 09:44:00"}
{"level":"info","message":"\tGET /api/v1/admin/accounts \u001b[32m200\u001b[0m 13.577ms","timestamp":"2026-01-20 09:44:01"}
{"level":"info","message":"\tGET /api/v1/admin/exams \u001b[32m200\u001b[0m 7.615ms","timestamp":"2026-01-20 09:44:01"}
{"level":"info","message":"\tGET /api/v1/admin/accounts \u001b[32m304\u001b[0m 4.098ms","timestamp":"2026-01-20 09:44:01"}
{"level":"info","message":"\tGET /api/v1/admin/exams \u001b[32m304\u001b[0m 4.469ms","timestamp":"2026-01-20 09:44:01"}
{"level":"info","message":"\tGET /api/v1/admin/accounts \u001b[32m304\u001b[0m 5.497ms","timestamp":"2026-01-20 09:44:05"}
{"level":"info","message":"\tPOST /api/v1/auth/login/user \u001b[32m200\u001b[0m 13.843ms","timestamp":"2026-01-20 09:44:32"}
{"level":"info","message":"\tGET /api/v1/auth/me \u001b[32m200\u001b[0m 3.421ms","timestamp":"2026-01-20 09:44:32"}
{"level":"info","message":"\tGET /api/v1/admin/exams \u001b[32m304\u001b[0m 4.913ms","timestamp":"2026-01-20 09:44:32"}
{"level":"info","message":"\tGET /api/v1/admin/exams \u001b[32m304\u001b[0m 3.857ms","timestamp":"2026-01-20 09:44:32"}
{"level":"info","message":"\tPOST /api/v1/user/exam/start \u001b[33m400\u001b[0m 4.908ms","timestamp":"2026-01-20 09:44:34"}
{"level":"info","message":"\tPOST /api/v1/user/exam/start \u001b[33m400\u001b[0m 41.318ms","timestamp":"2026-01-20 09:45:19"}
{"level":"info","message":"\tPOST /api/v1/user/exam/start \u001b[33m400\u001b[0m 29.685ms","timestamp":"2026-01-20 09:46:04"}
{"level":"info","message":"\tPOST /api/v1/user/exam/start \u001b[33m400\u001b[0m 29.594ms","timestamp":"2026-01-20 09:47:27"}
{"level":"info","message":"\tGET /api/v1/admin/exams \u001b[32m304\u001b[0m 12.175ms","timestamp":"2026-01-20 09:49:29"}
{"level":"info","message":"\tPOST /api/v1/user/exam/start \u001b[33m400\u001b[0m 12.892ms","timestamp":"2026-01-20 09:50:03"}
{"level":"info","message":"\tGET /api/v1/admin/exams \u001b[32m304\u001b[0m 14.648ms","timestamp":"2026-01-20 09:50:41"}
{"level":"info","message":"\tPOST /api/v1/user/exam/start \u001b[33m400\u001b[0m 4.926ms","timestamp":"2026-01-20 09:50:42"}
{"level":"info","message":"\tPOST /api/v1/user/exam/start \u001b[33m400\u001b[0m 11.818ms","timestamp":"2026-01-20 09:51:27"}
{"level":"info","message":"\tPOST /api/v1/user/exam/start \u001b[33m400\u001b[0m 11.144ms","timestamp":"2026-01-20 09:52:13"}
{"level":"info","message":"\tPOST /api/v1/user/exam/start \u001b[33m400\u001b[0m 12.571ms","timestamp":"2026-01-20 09:52:28"}
{"level":"info","message":"\tPOST /api/v1/user/exam/start \u001b[33m400\u001b[0m 13.142ms","timestamp":"2026-01-20 09:53:02"}
{"level":"info","message":"\tPOST /api/v1/user/exam/start \u001b[33m400\u001b[0m 4.171ms","timestamp":"2026-01-20 09:53:08"}
{"level":"info","message":"\tPOST /api/v1/user/exam/start \u001b[33m400\u001b[0m 12.171ms","timestamp":"2026-01-20 09:56:02"}
{"level":"info","message":"\tGET /api/v1/admin/exams \u001b[32m304\u001b[0m 15.417ms","timestamp":"2026-01-20 10:09:18"}
{"level":"info","message":"\tGET /api/v1/admin/accounts \u001b[32m304\u001b[0m 13.054ms","timestamp":"2026-01-20 10:09:18"}
{"level":"info","message":"\tGET /api/v1/admin/exams \u001b[32m304\u001b[0m 6.704ms","timestamp":"2026-01-20 10:09:19"}
{"level":"info","message":"\tGET /api/v1/admin/positions \u001b[32m304\u001b[0m 3.263ms","timestamp":"2026-01-20 10:09:20"}
{"level":"info","message":"\tGET /api/v1/admin/exams \u001b[32m304\u001b[0m 11.004ms","timestamp":"2026-01-20 10:09:34"}
{"level":"info","message":"\tGET /api/v1/admin/positions \u001b[32m304\u001b[0m 11.229ms","timestamp":"2026-01-20 10:10:29"}
{"level":"info","message":"\tGET /api/v1/admin/accounts \u001b[32m304\u001b[0m 26.137ms","timestamp":"2026-01-20 10:11:49"}
{"level":"info","message":"\tGET /api/v1/admin/exams \u001b[32m304\u001b[0m 22.607ms","timestamp":"2026-01-20 10:11:49"}
{"level":"info","message":"\tPOST /api/v1/admin/accounts/invitation \u001b[32m200\u001b[0m 5014.707ms","timestamp":"2026-01-20 10:11:58"}
{"level":"info","message":"\tGET /api/v1/admin/accounts \u001b[32m304\u001b[0m 3.833ms","timestamp":"2026-01-20 10:11:58"}
{"level":"info","message":"\tGET /api/v1/admin/accounts \u001b[32m304\u001b[0m 14.493ms","timestamp":"2026-01-20 10:13:20"}
{"level":"info","message":"\tGET /api/v1/admin/exams \u001b[32m304\u001b[0m 13.439ms","timestamp":"2026-01-20 10:13:20"}
{"level":"info","message":"\tGET /api/v1/admin/exams \u001b[32m304\u001b[0m 4.246ms","timestamp":"2026-01-20 10:13:21"}
{"level":"info","message":"\tGET /api/v1/admin/exams \u001b[32m304\u001b[0m 4.143ms","timestamp":"2026-01-20 10:13:27"}
{"level":"info","message":"\tGET /api/v1/admin/positions \u001b[32m304\u001b[0m 12.078ms","timestamp":"2026-01-20 10:14:25"}
{"level":"info","message":"\tGET /api/v1/admin/exams \u001b[32m304\u001b[0m 5.393ms","timestamp":"2026-01-20 10:14:27"}
{"level":"info","message":"\tGET /api/v1/admin/accounts \u001b[32m304\u001b[0m 13.993ms","timestamp":"2026-01-20 10:15:35"}
{"level":"info","message":"\tGET /api/v1/admin/accounts \u001b[32m304\u001b[0m 4.034ms","timestamp":"2026-01-20 10:15:37"}
{"level":"info","message":"\tGET /api/v1/admin/exams \u001b[32m304\u001b[0m 6.224ms","timestamp":"2026-01-20 10:15:39"}
{"level":"info","message":"\tGET /api/v1/admin/positions \u001b[32m304\u001b[0m 2.998ms","timestamp":"2026-01-20 10:15:43"}
{"level":"info","message":"\tGET /api/v1/admin/exams \u001b[32m304\u001b[0m 25.557ms","timestamp":"2026-01-20 10:19:32"}
{"level":"info","message":"\tGET /api/v1/admin/positions \u001b[32m304\u001b[0m 5.620ms","timestamp":"2026-01-20 10:19:34"}
{"level":"info","message":"\tGET /api/v1/admin/exams \u001b[32m304\u001b[0m 4.211ms","timestamp":"2026-01-20 10:19:38"}
{"level":"info","message":"\tGET /api/v1/admin/exams \u001b[32m304\u001b[0m 3.757ms","timestamp":"2026-01-20 10:19:42"}
{"level":"info","message":"\tGET /api/v1/admin/exams/candidates/results \u001b[32m304\u001b[0m 5.843ms","timestamp":"2026-01-20 10:19:42"}
{"level":"info","message":"\tGET /api/v1/admin/accounts \u001b[32m304\u001b[0m 4.468ms","timestamp":"2026-01-20 10:19:43"}
{"level":"info","message":"\tGET /api/v1/admin/accounts \u001b[32m304\u001b[0m 3.992ms","timestamp":"2026-01-20 10:19:49"}
{"level":"info","message":"\tGET /api/v1/admin/exams \u001b[32m304\u001b[0m 3.638ms","timestamp":"2026-01-20 10:19:49"}
{"level":"info","message":"\tPOST /api/v1/admin/accounts/invitation \u001b[32m200\u001b[0m 3189.598ms","timestamp":"2026-01-20 10:19:56"}
{"level":"info","message":"\tGET /api/v1/admin/accounts \u001b[32m304\u001b[0m 6.487ms","timestamp":"2026-01-20 10:19:56"}
{"level":"info","message":"\tGET /api/v1/admin/accounts \u001b[32m304\u001b[0m 27.704ms","timestamp":"2026-01-20 10:21:48"}
{"level":"info","message":"\tGET /api/v1/admin/exams \u001b[32m304\u001b[0m 25.071ms","timestamp":"2026-01-20 10:21:48"}
{"level":"info","message":"\tPOST /api/v1/admin/accounts/invitation \u001b[32m200\u001b[0m 2838.616ms","timestamp":"2026-01-20 10:21:54"}
{"level":"info","message":"\tGET /api/v1/admin/accounts \u001b[32m304\u001b[0m 4.952ms","timestamp":"2026-01-20 10:21:54"}
{"level":"info","message":"\tPOST /api/v1/admin/accounts/invitation \u001b[32m200\u001b[0m 2264.391ms","timestamp":"2026-01-20 10:24:46"}
{"level":"info","message":"\tGET /api/v1/admin/accounts \u001b[32m304\u001b[0m 10.420ms","timestamp":"2026-01-20 10:24:46"}
{"level":"info","message":"\tGET /api/v1/admin/accounts \u001b[32m304\u001b[0m 16.751ms","timestamp":"2026-01-20 10:26:16"}
{"level":"info","message":"\tGET /api/v1/admin/exams \u001b[32m304\u001b[0m 15.066ms","timestamp":"2026-01-20 10:26:16"}
{"level":"info","message":"\tPOST /api/v1/admin/accounts/invitation \u001b[32m200\u001b[0m 2233.557ms","timestamp":"2026-01-20 10:26:22"}
{"level":"info","message":"\tGET /api/v1/admin/accounts \u001b[32m304\u001b[0m 4.982ms","timestamp":"2026-01-20 10:26:22"}
{"level":"info","message":"\tPOST /api/v1/admin/accounts/invitation \u001b[32m200\u001b[0m 2126.721ms","timestamp":"2026-01-20 10:27:18"}
{"level":"info","message":"\tGET /api/v1/admin/accounts \u001b[32m304\u001b[0m 5.429ms","timestamp":"2026-01-20 10:27:18"}
{"level":"info","message":"\tPOST /api/v1/admin/accounts/invitation \u001b[32m200\u001b[0m 2227.356ms","timestamp":"2026-01-20 10:27:50"}
{"level":"info","message":"\tGET /api/v1/admin/accounts \u001b[32m304\u001b[0m 9.838ms","timestamp":"2026-01-20 10:27:50"}
{"level":"info","message":"\tGET /api/v1/auth/magic-login/t=eyJhbGciOiJIUzI1NiIsInR5cCI6IkpXVCJ9.eyJ1c2VybmFtZSI6InVzZXJfOGU2NmNjZmI1NGM1IiwicGFzc3dvcmQiOiJkdVNOUlV5KmhUQEIiLCJpYXQiOjE3Njg5MDQ4NjgsImV4cCI6MTc2OTE2NDA2OH0.NQjDhzVBCal7Zs4vdTZhft1exSmnmRuL6hYKe3AHNRA \u001b[33m404\u001b[0m 1.721ms","timestamp":"2026-01-20 10:28:06"}
{"level":"info","message":"\tGET /api/v1/admin/exams \u001b[32m304\u001b[0m 21.420ms","timestamp":"2026-01-20 10:28:49"}
{"level":"info","message":"\tGET /api/v1/admin/positions \u001b[32m304\u001b[0m 3.855ms","timestamp":"2026-01-20 10:28:57"}
{"level":"info","message":"\tGET /api/v1/admin/positions \u001b[32m304\u001b[0m 2.767ms","timestamp":"2026-01-20 10:28:57"}
{"level":"info","message":"\tPATCH /api/v1/admin/exams/edc56b8c-91e3-410c-b465-f96b6669709c \u001b[32m200\u001b[0m 16.532ms","timestamp":"2026-01-20 10:29:18"}
{"level":"info","message":"\tGET /api/v1/auth/magic-login/t=eyJhbGciOiJIUzI1NiIsInR5cCI6IkpXVCJ9.eyJ1c2VybmFtZSI6InVzZXJfOGU2NmNjZmI1NGM1IiwicGFzc3dvcmQiOiJkdVNOUlV5KmhUQEIiLCJpYXQiOjE3Njg5MDQ4NjgsImV4cCI6MTc2OTE2NDA2OH0.NQjDhzVBCal7Zs4vdTZhft1exSmnmRuL6hYKe3AHNRA \u001b[33m404\u001b[0m 1.772ms","timestamp":"2026-01-20 10:29:31"}
{"level":"info","message":"\tGET /api/v1/auth/magic-login/t=eyJhbGciOiJIUzI1NiIsInR5cCI6IkpXVCJ9.eyJ1c2VybmFtZSI6InVzZXJfOGU2NmNjZmI1NGM1IiwicGFzc3dvcmQiOiJkdVNOUlV5KmhUQEIiLCJpYXQiOjE3Njg5MDQ4NjgsImV4cCI6MTc2OTE2NDA2OH0.NQjDhzVBCal7Zs4vdTZhft1exSmnmRuL6hYKe3AHNRA \u001b[33m404\u001b[0m 0.944ms","timestamp":"2026-01-20 10:29:41"}
{"level":"info","message":"\tGET /api/v1/auth/magic-login/t=eyJhbGciOiJIUzI1NiIsInR5cCI6IkpXVCJ9.eyJ1c2VybmFtZSI6InVzZXJfOGU2NmNjZmI1NGM1IiwicGFzc3dvcmQiOiJkdVNOUlV5KmhUQEIiLCJpYXQiOjE3Njg5MDQ4NjgsImV4cCI6MTc2OTE2NDA2OH0.NQjDhzVBCal7Zs4vdTZhft1exSmnmRuL6hYKe3AHNRA \u001b[33m404\u001b[0m 0.622ms","timestamp":"2026-01-20 10:29:41"}
{"level":"info","message":"\tGET /api/v1/auth/magic-login/t=eyJhbGciOiJIUzI1NiIsInR5cCI6IkpXVCJ9.eyJ1c2VybmFtZSI6InVzZXJfOGU2NmNjZmI1NGM1IiwicGFzc3dvcmQiOiJkdVNOUlV5KmhUQEIiLCJpYXQiOjE3Njg5MDQ4NjgsImV4cCI6MTc2OTE2NDA2OH0.NQjDhzVBCal7Zs4vdTZhft1exSmnmRuL6hYKe3AHNRA \u001b[33m404\u001b[0m 1.847ms","timestamp":"2026-01-20 10:29:58"}
{"level":"info","message":"\tGET /api/v1/admin/positions \u001b[32m304\u001b[0m 10.111ms","timestamp":"2026-01-20 10:30:37"}
{"level":"info","message":"\tGET /api/v1/admin/positions \u001b[32m304\u001b[0m 3.651ms","timestamp":"2026-01-20 10:30:37"}
{"level":"info","message":"\tPATCH /api/v1/admin/exams/edc56b8c-91e3-410c-b465-f96b6669709c \u001b[32m200\u001b[0m 17.456ms","timestamp":"2026-01-20 10:30:53"}
{"level":"info","message":"\tGET /api/v1/auth/magic-login/t=eyJhbGciOiJIUzI1NiIsInR5cCI6IkpXVCJ9.eyJ1c2VybmFtZSI6InVzZXJfOGU2NmNjZmI1NGM1IiwicGFzc3dvcmQiOiJkdVNOUlV5KmhUQEIiLCJpYXQiOjE3Njg5MDQ4NjgsImV4cCI6MTc2OTE2NDA2OH0.NQjDhzVBCal7Zs4vdTZhft1exSmnmRuL6hYKe3AHNRA \u001b[33m404\u001b[0m 1.813ms","timestamp":"2026-01-20 10:31:05"}
{"level":"info","message":"\tGET /api/v1/auth/magic-login/t=eyJhbGciOiJIUzI1NiIsInR5cCI6IkpXVCJ9.eyJ1c2VybmFtZSI6InVzZXJfOGU2NmNjZmI1NGM1IiwicGFzc3dvcmQiOiJkdVNOUlV5KmhUQEIiLCJpYXQiOjE3Njg5MDQ4NjgsImV4cCI6MTc2OTE2NDA2OH0.NQjDhzVBCal7Zs4vdTZhft1exSmnmRuL6hYKe3AHNRA \u001b[33m404\u001b[0m 0.623ms","timestamp":"2026-01-20 10:31:47"}
{"level":"info","message":"\tGET /api/v1/auth/magic-login/t=eyJhbGciOiJIUzI1NiIsInR5cCI6IkpXVCJ9.eyJ1c2VybmFtZSI6InVzZXJfOGU2NmNjZmI1NGM1IiwicGFzc3dvcmQiOiJkdVNOUlV5KmhUQEIiLCJpYXQiOjE3Njg5MDQ4NjgsImV4cCI6MTc2OTE2NDA2OH0.NQjDhzVBCal7Zs4vdTZhft1exSmnmRuL6hYKe3AHNRA \u001b[33m404\u001b[0m 2.018ms","timestamp":"2026-01-20 10:32:32"}
{"level":"info","message":"\tGET /api/v1/admin/exams \u001b[32m200\u001b[0m 27.507ms","timestamp":"2026-01-20 10:32:51"}
{"level":"info","message":"\tGET /api/v1/admin/positions \u001b[32m304\u001b[0m 3.680ms","timestamp":"2026-01-20 10:32:53"}
{"level":"info","message":"\tGET /api/v1/admin/positions \u001b[32m304\u001b[0m 4.069ms","timestamp":"2026-01-20 10:32:53"}
{"level":"info","message":"\tPATCH /api/v1/admin/exams/edc56b8c-91e3-410c-b465-f96b6669709c \u001b[32m200\u001b[0m 20.214ms","timestamp":"2026-01-20 10:33:07"}
{"level":"info","message":"\tGET /api/v1/admin/exams \u001b[32m200\u001b[0m 14.294ms","timestamp":"2026-01-20 10:33:48"}
{"level":"info","message":"\tGET /api/v1/admin/positions \u001b[32m304\u001b[0m 3.278ms","timestamp":"2026-01-20 10:33:52"}
{"level":"info","message":"\tPATCH /api/v1/admin/exams/edc56b8c-91e3-410c-b465-f96b6669709c \u001b[32m200\u001b[0m 15.980ms","timestamp":"2026-01-20 10:34:08"}
{"level":"info","message":"\tGET /api/v1/auth/magic-login/t=eyJhbGciOiJIUzI1NiIsInR5cCI6IkpXVCJ9.eyJ1c2VybmFtZSI6InVzZXJfOGU2NmNjZmI1NGM1IiwicGFzc3dvcmQiOiJkdVNOUlV5KmhUQEIiLCJpYXQiOjE3Njg5MDQ4NjgsImV4cCI6MTc2OTE2NDA2OH0.NQjDhzVBCal7Zs4vdTZhft1exSmnmRuL6hYKe3AHNRA \u001b[33m404\u001b[0m 1.909ms","timestamp":"2026-01-20 10:34:52"}
{"level":"info","message":"\tGET /api/v1/admin/exams \u001b[32m304\u001b[0m 24.752ms","timestamp":"2026-01-20 10:34:58"}
{"level":"info","message":"\tGET /api/v1/admin/positions \u001b[32m304\u001b[0m 4.567ms","timestamp":"2026-01-20 10:35:02"}
{"level":"info","message":"\tGET /api/v1/admin/positions \u001b[32m304\u001b[0m 3.726ms","timestamp":"2026-01-20 10:35:02"}
{"level":"info","message":"\tPATCH /api/v1/admin/exams/edc56b8c-91e3-410c-b465-f96b6669709c \u001b[32m200\u001b[0m 9.265ms","timestamp":"2026-01-20 10:35:10"}
{"level":"info","message":"\tGET /api/v1/admin/exams \u001b[32m200\u001b[0m 20.667ms","timestamp":"2026-01-20 10:36:00"}
{"level":"info","message":"\tGET /api/v1/admin/positions \u001b[32m304\u001b[0m 4.224ms","timestamp":"2026-01-20 10:36:01"}
{"level":"info","message":"\tGET /api/v1/admin/positions \u001b[32m304\u001b[0m 3.648ms","timestamp":"2026-01-20 10:36:01"}
{"level":"info","message":"\tPATCH /api/v1/admin/exams/edc56b8c-91e3-410c-b465-f96b6669709c \u001b[32m200\u001b[0m 7.131ms","timestamp":"2026-01-20 10:36:11"}
{"level":"info","message":"\tGET /api/v1/admin/positions \u001b[32m304\u001b[0m 2.930ms","timestamp":"2026-01-20 10:36:17"}
{"level":"info","message":"\tGET /api/v1/admin/positions \u001b[32m304\u001b[0m 2.723ms","timestamp":"2026-01-20 10:36:17"}
{"level":"info","message":"\tGET /api/v1/auth/magic-login/t=eyJhbGciOiJIUzI1NiIsInR5cCI6IkpXVCJ9.eyJ1c2VybmFtZSI6InVzZXJfOGU2NmNjZmI1NGM1IiwicGFzc3dvcmQiOiJkdVNOUlV5KmhUQEIiLCJpYXQiOjE3Njg5MDQ4NjgsImV4cCI6MTc2OTE2NDA2OH0.NQjDhzVBCal7Zs4vdTZhft1exSmnmRuL6hYKe3AHNRA \u001b[33m404\u001b[0m 2.362ms","timestamp":"2026-01-20 10:36:29"}
{"level":"info","message":"\tGET /api/v1/auth/magic-login/t=eyJhbGciOiJIUzI1NiIsInR5cCI6IkpXVCJ9.eyJ1c2VybmFtZSI6InVzZXJfOGU2NmNjZmI1NGM1IiwicGFzc3dvcmQiOiJkdVNOUlV5KmhUQEIiLCJpYXQiOjE3Njg5MDQ4NjgsImV4cCI6MTc2OTE2NDA2OH0.NQjDhzVBCal7Zs4vdTZhft1exSmnmRuL6hYKe3AHNRA \u001b[33m404\u001b[0m 2.537ms","timestamp":"2026-01-20 10:38:36"}
{"level":"info","message":"\tPOST /api/v1/admin/accounts/invitation \u001b[32m200\u001b[0m 2315.811ms","timestamp":"2026-01-20 10:39:10"}
{"level":"info","message":"\tGET /api/v1/admin/accounts \u001b[32m304\u001b[0m 9.999ms","timestamp":"2026-01-20 10:39:10"}
{"level":"info","message":"\tGET /v1/auth/magic-login?t=eyJhbGciOiJIUzI1NiIsInR5cCI6IkpXVCJ9.eyJ1c2VybmFtZSI6InVzZXJfOGU2NmNjZmI1NGM1IiwicGFzc3dvcmQiOiJkdVNOUlV5KmhUQEIiLCJpYXQiOjE3Njg5MDU1NDcsImV4cCI6MTc2OTE2NDc0N30.ZMhPe63EhBrjrDtIudQDiFSekKCfUqv8_Swvk_o5YeY \u001b[33m404\u001b[0m 0.539ms","timestamp":"2026-01-20 10:39:18"}
{"level":"info","message":"\tGET /v1/auth/magic-login?t=eyJhbGciOiJIUzI1NiIsInR5cCI6IkpXVCJ9.eyJ1c2VybmFtZSI6InVzZXJfOGU2NmNjZmI1NGM1IiwicGFzc3dvcmQiOiJkdVNOUlV5KmhUQEIiLCJpYXQiOjE3Njg5MDU1NDcsImV4cCI6MTc2OTE2NDc0N30.ZMhPe63EhBrjrDtIudQDiFSekKCfUqv8_Swvk_o5YeY \u001b[33m404\u001b[0m 0.258ms","timestamp":"2026-01-20 10:39:29"}
{"level":"info","message":"\tGET /v1/auth/magic-login?t=eyJhbGciOiJIUzI1NiIsInR5cCI6IkpXVCJ9.eyJ1c2VybmFtZSI6InVzZXJfOGU2NmNjZmI1NGM1IiwicGFzc3dvcmQiOiJkdVNOUlV5KmhUQEIiLCJpYXQiOjE3Njg5MDU1NDcsImV4cCI6MTc2OTE2NDc0N30.ZMhPe63EhBrjrDtIudQDiFSekKCfUqv8_Swvk_o5YeY \u001b[33m404\u001b[0m 0.397ms","timestamp":"2026-01-20 10:39:29"}
{"level":"info","message":"\tGET /api/v1/admin/exams \u001b[32m200\u001b[0m 26.697ms","timestamp":"2026-01-20 10:40:16"}
{"level":"info","message":"\tGET /api/v1/admin/positions \u001b[32m304\u001b[0m 3.921ms","timestamp":"2026-01-20 10:40:21"}
{"level":"info","message":"\tGET /api/v1/admin/positions \u001b[32m304\u001b[0m 3.144ms","timestamp":"2026-01-20 10:40:21"}
{"level":"info","message":"\tPOST /api/v1/admin/accounts/invitation \u001b[32m200\u001b[0m 2265.959ms","timestamp":"2026-01-20 10:40:28"}
{"level":"info","message":"\tGET /api/v1/admin/accounts \u001b[32m304\u001b[0m 6.174ms","timestamp":"2026-01-20 10:40:28"}
{"level":"info","message":"\tPATCH /api/v1/admin/exams/edc56b8c-91e3-410c-b465-f96b6669709c \u001b[32m200\u001b[0m 6.991ms","timestamp":"2026-01-20 10:40:29"}
{"level":"info","message":"\tGET /api/v1/admin/positions \u001b[32m304\u001b[0m 2.992ms","timestamp":"2026-01-20 10:40:31"}
{"level":"info","message":"\tGET /api/v1/admin/positions \u001b[32m304\u001b[0m 2.872ms","timestamp":"2026-01-20 10:40:31"}
{"level":"info","message":"\tGET /api/v1/auth/magic-login?t=eyJhbGciOiJIUzI1NiIsInR5cCI6IkpXVCJ9.eyJ1c2VybmFtZSI6InVzZXJfOGU2NmNjZmI1NGM1IiwicGFzc3dvcmQiOiJkdVNOUlV5KmhUQEIiLCJpYXQiOjE3Njg5MDU2MjYsImV4cCI6MTc2OTE2NDgyNn0.0kVBYXU5Un8ISKVa6CbFpcsOqMmTH85h0PgeGKmExLE \u001b[32m302\u001b[0m 6.946ms","timestamp":"2026-01-20 10:40:34"}
{"level":"info","message":"\tGET /api/v1/auth/magic-login?t=eyJhbGciOiJIUzI1NiIsInR5cCI6IkpXVCJ9.eyJ1c2VybmFtZSI6InVzZXJfOGU2NmNjZmI1NGM1IiwicGFzc3dvcmQiOiJkdVNOUlV5KmhUQEIiLCJpYXQiOjE3Njg5MDU2MjYsImV4cCI6MTc2OTE2NDgyNn0.0kVBYXU5Un8ISKVa6CbFpcsOqMmTH85h0PgeGKmExLE \u001b[32m302\u001b[0m 4.205ms","timestamp":"2026-01-20 10:40:43"}
{"level":"info","message":"\tGET /api/v1/auth/magic-login?t=eyJhbGciOiJIUzI1NiIsInR5cCI6IkpXVCJ9.eyJ1c2VybmFtZSI6InVzZXJfOGU2NmNjZmI1NGM1IiwicGFzc3dvcmQiOiJkdVNOUlV5KmhUQEIiLCJpYXQiOjE3Njg5MDU2MjYsImV4cCI6MTc2OTE2NDgyNn0.0kVBYXU5Un8ISKVa6CbFpcsOqMmTH85h0PgeGKmExLE \u001b[32m302\u001b[0m 4.616ms","timestamp":"2026-01-20 10:40:44"}
{"level":"info","message":"\tGET /api/v1/admin/accounts \u001b[32m304\u001b[0m 17.824ms","timestamp":"2026-01-20 10:43:29"}
{"level":"info","message":"\tGET /api/v1/admin/exams \u001b[32m200\u001b[0m 15.878ms","timestamp":"2026-01-20 10:43:29"}
{"level":"info","message":"\tGET / \u001b[33m404\u001b[0m 1.566ms","timestamp":"2026-01-20 10:52:53"}
{"level":"info","message":"\tGET /api/v1/admin/exams \u001b[32m200\u001b[0m 26.310ms","timestamp":"2026-01-20 10:53:22"}
{"level":"info","message":"\tPOST /api/v1/auth/login/admin \u001b[32m200\u001b[0m 12.680ms","timestamp":"2026-01-20 10:53:47"}
{"level":"info","message":"\tGET /api/v1/auth/me \u001b[32m200\u001b[0m 3.342ms","timestamp":"2026-01-20 10:53:47"}
{"level":"info","message":"\tGET /api/v1/admin/accounts \u001b[32m304\u001b[0m 5.128ms","timestamp":"2026-01-20 10:53:47"}
{"level":"info","message":"\tGET /api/v1/admin/exams \u001b[32m304\u001b[0m 3.810ms","timestamp":"2026-01-20 10:53:47"}
{"level":"info","message":"\tGET /api/v1/admin/exams \u001b[32m304\u001b[0m 4.270ms","timestamp":"2026-01-20 10:53:47"}
{"level":"info","message":"\tGET /api/v1/admin/accounts \u001b[32m304\u001b[0m 4.156ms","timestamp":"2026-01-20 10:53:47"}
{"level":"info","message":"\tPOST /api/v1/auth/login/admin \u001b[32m200\u001b[0m 3.047ms","timestamp":"2026-01-20 10:53:55"}
{"level":"info","message":"\tGET /api/v1/auth/me \u001b[32m200\u001b[0m 2.633ms","timestamp":"2026-01-20 10:53:55"}
{"level":"info","message":"\tGET /api/v1/admin/exams \u001b[32m304\u001b[0m 3.882ms","timestamp":"2026-01-20 10:53:55"}
{"level":"info","message":"\tGET /api/v1/admin/accounts \u001b[32m304\u001b[0m 2.796ms","timestamp":"2026-01-20 10:53:55"}
{"level":"info","message":"\tGET /api/v1/admin/exams \u001b[32m304\u001b[0m 5.098ms","timestamp":"2026-01-20 10:53:55"}
{"level":"info","message":"\tGET /api/v1/admin/accounts \u001b[32m304\u001b[0m 3.404ms","timestamp":"2026-01-20 10:53:55"}
{"level":"info","message":"\tPOST /api/v1/auth/login/admin \u001b[32m200\u001b[0m 12.813ms","timestamp":"2026-01-20 10:54:09"}
{"level":"info","message":"\tGET /api/v1/auth/me \u001b[32m200\u001b[0m 3.444ms","timestamp":"2026-01-20 10:54:09"}
{"level":"info","message":"\tGET /api/v1/admin/exams \u001b[32m304\u001b[0m 10.608ms","timestamp":"2026-01-20 10:54:10"}
{"level":"info","message":"\tGET /api/v1/admin/accounts \u001b[32m304\u001b[0m 14.109ms","timestamp":"2026-01-20 10:54:10"}
{"level":"info","message":"\tGET /api/v1/admin/accounts \u001b[32m304\u001b[0m 6.720ms","timestamp":"2026-01-20 10:54:10"}
{"level":"info","message":"\tGET /api/v1/admin/exams \u001b[32m304\u001b[0m 10.526ms","timestamp":"2026-01-20 10:54:10"}
{"level":"info","message":"\tGET /api/v1/admin/accounts \u001b[32m304\u001b[0m 12.087ms","timestamp":"2026-01-20 10:55:19"}
{"level":"info","message":"\tGET /api/v1/admin/accounts \u001b[32m304\u001b[0m 4.927ms","timestamp":"2026-01-20 10:55:23"}
{"level":"info","message":"\tGET /api/v1/admin/exams \u001b[32m304\u001b[0m 5.183ms","timestamp":"2026-01-20 10:55:23"}
{"level":"info","message":"\tPOST /api/v1/admin/accounts/invitation \u001b[32m200\u001b[0m 2315.104ms","timestamp":"2026-01-20 10:55:31"}
{"level":"info","message":"\tGET /api/v1/admin/accounts \u001b[32m304\u001b[0m 5.079ms","timestamp":"2026-01-20 10:55:31"}
{"level":"info","message":"\tGET /api/v1/auth/magic-login?t=eyJhbGciOiJIUzI1NiIsInR5cCI6IkpXVCJ9.eyJ1c2VybmFtZSI6InVzZXJfODIwNDVjZDAxZWJiIiwicGFzc3dvcmQiOiJEYnlLJldUa1JBdDciLCJpYXQiOjE3Njg5MDY1MjksImV4cCI6MTc2OTE2NTcyOX0.2Ua6HwTRWruLnpLcbdsYsI8vfJeS-cwXcvSMcfIaCEQ \u001b[32m302\u001b[0m 15.140ms","timestamp":"2026-01-20 10:55:55"}
{"level":"info","message":"\tGET /api/v1/auth/me \u001b[33m401\u001b[0m 0.456ms","timestamp":"2026-01-20 10:55:58"}
{"level":"info","message":"\tGET /api/v1/auth/magic-login?t=eyJhbGciOiJIUzI1NiIsInR5cCI6IkpXVCJ9.eyJ1c2VybmFtZSI6InVzZXJfODIwNDVjZDAxZWJiIiwicGFzc3dvcmQiOiJEYnlLJldUa1JBdDciLCJpYXQiOjE3Njg5MDY1MjksImV4cCI6MTc2OTE2NTcyOX0.2Ua6HwTRWruLnpLcbdsYsI8vfJeS-cwXcvSMcfIaCEQ \u001b[32m302\u001b[0m 13.488ms","timestamp":"2026-01-20 10:56:06"}
{"level":"info","message":"\tGET /api/v1/auth/me \u001b[33m401\u001b[0m 0.437ms","timestamp":"2026-01-20 10:56:10"}
{"level":"info","message":"\tGET /api/v1/admin/accounts \u001b[32m304\u001b[0m 14.664ms","timestamp":"2026-01-20 10:56:24"}
{"level":"info","message":"\tGET /api/v1/admin/positions \u001b[32m304\u001b[0m 3.618ms","timestamp":"2026-01-20 10:56:28"}
{"level":"info","message":"\tPATCH /api/v1/admin/accounts/431b454a-8982-4736-beaf-ea497b81b2cb \u001b[32m200\u001b[0m 7.241ms","timestamp":"2026-01-20 10:56:37"}
{"level":"info","message":"\tGET /api/v1/admin/accounts \u001b[32m200\u001b[0m 3.872ms","timestamp":"2026-01-20 10:56:37"}
{"level":"info","message":"\tPOST /api/v1/auth/login/admin \u001b[32m200\u001b[0m 10.085ms","timestamp":"2026-01-20 10:57:12"}
{"level":"info","message":"\tGET /api/v1/auth/me \u001b[32m200\u001b[0m 2.727ms","timestamp":"2026-01-20 10:57:13"}
{"level":"info","message":"\tGET /api/v1/admin/accounts \u001b[32m200\u001b[0m 6.182ms","timestamp":"2026-01-20 10:57:14"}
{"level":"info","message":"\tGET /api/v1/admin/exams \u001b[32m304\u001b[0m 6.663ms","timestamp":"2026-01-20 10:57:14"}
{"level":"info","message":"\tGET /api/v1/admin/accounts \u001b[32m304\u001b[0m 7.360ms","timestamp":"2026-01-20 10:57:14"}
{"level":"info","message":"\tGET /api/v1/admin/exams \u001b[32m304\u001b[0m 5.136ms","timestamp":"2026-01-20 10:57:14"}
{"level":"info","message":"\tGET /api/v1/admin/accounts \u001b[32m304\u001b[0m 3.279ms","timestamp":"2026-01-20 10:57:24"}
{"level":"info","message":"\tGET /api/v1/admin/exams \u001b[32m304\u001b[0m 3.248ms","timestamp":"2026-01-20 10:57:24"}
{"level":"info","message":"\tPOST /api/v1/admin/accounts/invitation \u001b[32m200\u001b[0m 2252.221ms","timestamp":"2026-01-20 10:57:33"}
{"level":"info","message":"\tGET /api/v1/admin/accounts \u001b[32m304\u001b[0m 5.057ms","timestamp":"2026-01-20 10:57:33"}
{"level":"info","message":"\tGET /api/v1/auth/magic-login?t=eyJhbGciOiJIUzI1NiIsInR5cCI6IkpXVCJ9.eyJ1c2VybmFtZSI6InVzZXJfODIwNDVjZDAxZWJiIiwicGFzc3dvcmQiOiJEYnlLJldUa1JBdDciLCJpYXQiOjE3Njg5MDY2NTEsImV4cCI6MTc2OTE2NTg1MX0.0bSU6siyh4s6Ctqr1DuW3Cf2_FcTn-G4lCi21bc6lhs \u001b[32m302\u001b[0m 6.957ms","timestamp":"2026-01-20 10:57:43"}
{"level":"info","message":"\tGET /api/v1/auth/me \u001b[32m304\u001b[0m 2.400ms","timestamp":"2026-01-20 10:57:43"}
{"level":"info","message":"\tGET /api/v1/admin/accounts \u001b[32m304\u001b[0m 5.923ms","timestamp":"2026-01-20 10:57:45"}
{"level":"info","message":"\tGET /api/v1/admin/exams \u001b[32m304\u001b[0m 7.697ms","timestamp":"2026-01-20 10:57:45"}
{"level":"info","message":"\tGET /api/v1/admin/accounts \u001b[32m304\u001b[0m 6.852ms","timestamp":"2026-01-20 10:57:45"}
{"level":"info","message":"\tGET /api/v1/admin/exams \u001b[32m304\u001b[0m 5.959ms","timestamp":"2026-01-20 10:57:45"}
{"level":"info","message":"\tGET /api/v1/auth/magic-login?t=eyJhbGciOiJIUzI1NiIsInR5cCI6IkpXVCJ9.eyJ1c2VybmFtZSI6InVzZXJfODIwNDVjZDAxZWJiIiwicGFzc3dvcmQiOiJEYnlLJldUa1JBdDciLCJpYXQiOjE3Njg5MDY2NTEsImV4cCI6MTc2OTE2NTg1MX0.0bSU6siyh4s6Ctqr1DuW3Cf2_FcTn-G4lCi21bc6lhs \u001b[32m302\u001b[0m 4.609ms","timestamp":"2026-01-20 10:57:51"}
{"level":"info","message":"\tGET /api/v1/auth/me \u001b[33m401\u001b[0m 0.381ms","timestamp":"2026-01-20 10:57:56"}
{"level":"info","message":"\tGET /api/v1/auth/magic-login?t=eyJhbGciOiJIUzI1NiIsInR5cCI6IkpXVCJ9.eyJ1c2VybmFtZSI6InVzZXJfODIwNDVjZDAxZWJiIiwicGFzc3dvcmQiOiJEYnlLJldUa1JBdDciLCJpYXQiOjE3Njg5MDY2NTEsImV4cCI6MTc2OTE2NTg1MX0.0bSU6siyh4s6Ctqr1DuW3Cf2_FcTn-G4lCi21bc6lhs \u001b[32m302\u001b[0m 13.315ms","timestamp":"2026-01-20 10:59:06"}
{"level":"info","message":"\tGET /api/v1/auth/me \u001b[33m401\u001b[0m 0.328ms","timestamp":"2026-01-20 10:59:07"}
{"level":"info","message":"\tGET /api/v1/auth/magic-login?t=eyJhbGciOiJIUzI1NiIsInR5cCI6IkpXVCJ9.eyJ1c2VybmFtZSI6InVzZXJfODIwNDVjZDAxZWJiIiwicGFzc3dvcmQiOiJEYnlLJldUa1JBdDciLCJpYXQiOjE3Njg5MDY2NTEsImV4cCI6MTc2OTE2NTg1MX0.0bSU6siyh4s6Ctqr1DuW3Cf2_FcTn-G4lCi21bc6lhs \u001b[32m302\u001b[0m 3.579ms","timestamp":"2026-01-20 10:59:16"}
{"level":"info","message":"\tGET /api/v1/auth/me \u001b[33m401\u001b[0m 0.412ms","timestamp":"2026-01-20 10:59:21"}
{"level":"info","message":"\tGET /api/v1/admin/exams \u001b[32m304\u001b[0m 16.918ms","timestamp":"2026-01-20 10:59:31"}
{"level":"info","message":"\tGET /api/v1/admin/exams/candidates/results \u001b[32m200\u001b[0m 15.883ms","timestamp":"2026-01-20 10:59:31"}
{"level":"info","message":"\tGET /api/v1/auth/magic-login?t=eyJhbGciOiJIUzI1NiIsInR5cCI6IkpXVCJ9.eyJ1c2VybmFtZSI6InVzZXJfODIwNDVjZDAxZWJiIiwicGFzc3dvcmQiOiJEYnlLJldUa1JBdDciLCJpYXQiOjE3Njg5MDY2NTEsImV4cCI6MTc2OTE2NTg1MX0.0bSU6siyh4s6Ctqr1DuW3Cf2_FcTn-G4lCi21bc6lhs \u001b[32m302\u001b[0m 4.645ms","timestamp":"2026-01-20 10:59:32"}
{"level":"info","message":"\tGET /api/v1/auth/me \u001b[33m401\u001b[0m 0.319ms","timestamp":"2026-01-20 10:59:32"}
{"level":"info","message":"\tGET /api/v1/admin/exams \u001b[32m304\u001b[0m 3.662ms","timestamp":"2026-01-20 10:59:33"}
{"level":"info","message":"\tGET /api/v1/admin/accounts \u001b[32m304\u001b[0m 3.561ms","timestamp":"2026-01-20 10:59:33"}
{"level":"info","message":"\tPOST /api/v1/admin/accounts/invitation \u001b[32m200\u001b[0m 2317.033ms","timestamp":"2026-01-20 10:59:39"}
{"level":"info","message":"\tGET /api/v1/admin/accounts \u001b[32m304\u001b[0m 4.094ms","timestamp":"2026-01-20 10:59:39"}
{"level":"info","message":"\tGET /api/v1/auth/magic-login?t=eyJhbGciOiJIUzI1NiIsInR5cCI6IkpXVCJ9.eyJ1c2VybmFtZSI6InVzZXJfODIwNDVjZDAxZWJiIiwicGFzc3dvcmQiOiJEYnlLJldUa1JBdDciLCJpYXQiOjE3Njg5MDY2NTEsImV4cCI6MTc2OTE2NTg1MX0.0bSU6siyh4s6Ctqr1DuW3Cf2_FcTn-G4lCi21bc6lhs \u001b[32m302\u001b[0m 4.008ms","timestamp":"2026-01-20 10:59:43"}
{"level":"info","message":"\tGET /api/v1/auth/me \u001b[33m401\u001b[0m 0.505ms","timestamp":"2026-01-20 10:59:44"}
{"level":"info","message":"\tGET /api/v1/auth/magic-login?t=eyJhbGciOiJIUzI1NiIsInR5cCI6IkpXVCJ9.eyJ1c2VybmFtZSI6InVzZXJfODIwNDVjZDAxZWJiIiwicGFzc3dvcmQiOiJEYnlLJldUa1JBdDciLCJpYXQiOjE3Njg5MDY2NTEsImV4cCI6MTc2OTE2NTg1MX0.0bSU6siyh4s6Ctqr1DuW3Cf2_FcTn-G4lCi21bc6lhs \u001b[32m302\u001b[0m 3.631ms","timestamp":"2026-01-20 10:59:48"}
{"level":"info","message":"\tGET /api/v1/auth/magic-login?t=eyJhbGciOiJIUzI1NiIsInR5cCI6IkpXVCJ9.eyJ1c2VybmFtZSI6InVzZXJfODIwNDVjZDAxZWJiIiwicGFzc3dvcmQiOiJEYnlLJldUa1JBdDciLCJpYXQiOjE3Njg5MDY2NTEsImV4cCI6MTc2OTE2NTg1MX0.0bSU6siyh4s6Ctqr1DuW3Cf2_FcTn-G4lCi21bc6lhs \u001b[32m302\u001b[0m 3.502ms","timestamp":"2026-01-20 10:59:48"}
{"level":"info","message":"\tGET /api/v1/auth/magic-login?t=eyJhbGciOiJIUzI1NiIsInR5cCI6IkpXVCJ9.eyJ1c2VybmFtZSI6InVzZXJfOGU2NmNjZmI1NGM1IiwicGFzc3dvcmQiOiJkdVNOUlV5KmhUQEIiLCJpYXQiOjE3Njg5MDY3NzcsImV4cCI6MTc2OTE2NTk3N30.TKWL2QdeE8fWy_yqMN2FcT143MulC4iwH7vTCF48JSw \u001b[32m302\u001b[0m 3.323ms","timestamp":"2026-01-20 10:59:49"}
{"level":"info","message":"\tGET /api/v1/auth/me \u001b[32m304\u001b[0m 2.630ms","timestamp":"2026-01-20 10:59:50"}
{"level":"info","message":"\tGET /api/v1/admin/exams \u001b[32m304\u001b[0m 3.942ms","timestamp":"2026-01-20 10:59:52"}
{"level":"info","message":"\tGET /api/v1/admin/accounts \u001b[32m304\u001b[0m 2.584ms","timestamp":"2026-01-20 10:59:52"}
{"level":"info","message":"\tGET /api/v1/admin/exams \u001b[32m304\u001b[0m 3.080ms","timestamp":"2026-01-20 10:59:52"}
{"level":"info","message":"\tGET /api/v1/admin/accounts \u001b[32m304\u001b[0m 4.350ms","timestamp":"2026-01-20 10:59:52"}
{"level":"info","message":"\tGET /api/v1/auth/me \u001b[33m401\u001b[0m 0.400ms","timestamp":"2026-01-20 10:59:53"}
{"level":"info","message":"\tGET /api/v1/auth/me \u001b[33m401\u001b[0m 0.362ms","timestamp":"2026-01-20 10:59:53"}
{"level":"info","message":"\tGET /api/v1/auth/magic-login?t=eyJhbGciOiJIUzI1NiIsInR5cCI6IkpXVCJ9.eyJ1c2VybmFtZSI6InVzZXJfODIwNDVjZDAxZWJiIiwicGFzc3dvcmQiOiJEYnlLJldUa1JBdDciLCJpYXQiOjE3Njg5MDY2NTEsImV4cCI6MTc2OTE2NTg1MX0.0bSU6siyh4s6Ctqr1DuW3Cf2_FcTn-G4lCi21bc6lhs \u001b[32m302\u001b[0m 15.638ms","timestamp":"2026-01-20 11:00:16"}
{"level":"info","message":"\tGET /api/v1/admin/exams \u001b[32m304\u001b[0m 6.952ms","timestamp":"2026-01-20 11:00:23"}
{"level":"info","message":"\tGET /api/v1/admin/accounts \u001b[32m304\u001b[0m 6.990ms","timestamp":"2026-01-20 11:00:23"}
{"level":"info","message":"\tGET /api/v1/admin/accounts \u001b[33m401\u001b[0m 0.396ms","timestamp":"2026-01-20 11:00:48"}
{"level":"info","message":"\tGET /api/v1/admin/exams \u001b[33m401\u001b[0m 0.214ms","timestamp":"2026-01-20 11:00:48"}
{"level":"info","message":"\tGET /api/v1/auth/magic-login?t=eyJhbGciOiJIUzI1NiIsInR5cCI6IkpXVCJ9.eyJ1c2VybmFtZSI6InVzZXJfOGU2NmNjZmI1NGM1IiwicGFzc3dvcmQiOiJkdVNOUlV5KmhUQEIiLCJpYXQiOjE3Njg5MDY3NzcsImV4cCI6MTc2OTE2NTk3N30.TKWL2QdeE8fWy_yqMN2FcT143MulC4iwH7vTCF48JSw \u001b[32m302\u001b[0m 25.189ms","timestamp":"2026-01-20 11:00:56"}
{"level":"info","message":"\tGET /api/v1/auth/me \u001b[32m200\u001b[0m 2.710ms","timestamp":"2026-01-20 11:00:57"}
{"level":"info","message":"\tGET /api/v1/auth/magic-login?t=eyJhbGciOiJIUzI1NiIsInR5cCI6IkpXVCJ9.eyJ1c2VybmFtZSI6InVzZXJfOGU2NmNjZmI1NGM1IiwicGFzc3dvcmQiOiJkdVNOUlV5KmhUQEIiLCJpYXQiOjE3Njg5MDY3NzcsImV4cCI6MTc2OTE2NTk3N30.TKWL2QdeE8fWy_yqMN2FcT143MulC4iwH7vTCF48JSw \u001b[32m302\u001b[0m 3.515ms","timestamp":"2026-01-20 11:01:01"}
{"level":"info","message":"\tGET /api/v1/auth/magic-login?t=eyJhbGciOiJIUzI1NiIsInR5cCI6IkpXVCJ9.eyJ1c2VybmFtZSI6InVzZXJfOGU2NmNjZmI1NGM1IiwicGFzc3dvcmQiOiJkdVNOUlV5KmhUQEIiLCJpYXQiOjE3Njg5MDY3NzcsImV4cCI6MTc2OTE2NTk3N30.TKWL2QdeE8fWy_yqMN2FcT143MulC4iwH7vTCF48JSw \u001b[32m302\u001b[0m 3.485ms","timestamp":"2026-01-20 11:01:03"}
{"level":"info","message":"\tGET /api/v1/auth/me \u001b[32m200\u001b[0m 2.353ms","timestamp":"2026-01-20 11:01:07"}
{"level":"info","message":"\tGET /api/v1/auth/me \u001b[32m200\u001b[0m 2.329ms","timestamp":"2026-01-20 11:01:13"}
{"level":"info","message":"\tGET /api/v1/auth/magic-login?t=eyJhbGciOiJIUzI1NiIsInR5cCI6IkpXVCJ9.eyJ1c2VybmFtZSI6InVzZXJfODIwNDVjZDAxZWJiIiwicGFzc3dvcmQiOiJEYnlLJldUa1JBdDciLCJpYXQiOjE3Njg5MDY2NTEsImV4cCI6MTc2OTE2NTg1MX0.0bSU6siyh4s6Ctqr1DuW3Cf2_FcTn-G4lCi21bc6lhs \u001b[32m302\u001b[0m 11.697ms","timestamp":"2026-01-20 11:01:34"}
{"level":"info","message":"\tGET /api/v1/auth/me \u001b[32m200\u001b[0m 2.422ms","timestamp":"2026-01-20 11:01:35"}
{"level":"info","message":"\tGET /api/v1/auth/magic-login?t=eyJhbGciOiJIUzI1NiIsInR5cCI6IkpXVCJ9.eyJ1c2VybmFtZSI6InVzZXJfODIwNDVjZDAxZWJiIiwicGFzc3dvcmQiOiJEYnlLJldUa1JBdDciLCJpYXQiOjE3Njg5MDY2NTEsImV4cCI6MTc2OTE2NTg1MX0.0bSU6siyh4s6Ctqr1DuW3Cf2_FcTn-G4lCi21bc6lhs \u001b[32m302\u001b[0m 4.080ms","timestamp":"2026-01-20 11:01:42"}
{"level":"info","message":"\tGET /api/v1/auth/magic-login?t=eyJhbGciOiJIUzI1NiIsInR5cCI6IkpXVCJ9.eyJ1c2VybmFtZSI6InVzZXJfODIwNDVjZDAxZWJiIiwicGFzc3dvcmQiOiJEYnlLJldUa1JBdDciLCJpYXQiOjE3Njg5MDY2NTEsImV4cCI6MTc2OTE2NTg1MX0.0bSU6siyh4s6Ctqr1DuW3Cf2_FcTn-G4lCi21bc6lhs \u001b[32m302\u001b[0m 13.135ms","timestamp":"2026-01-20 11:02:03"}
{"level":"info","message":"\tGET /api/v1/auth/me \u001b[32m200\u001b[0m 2.791ms","timestamp":"2026-01-20 11:02:05"}
{"level":"info","message":"\tGET /api/v1/auth/magic-login?t=eyJhbGciOiJIUzI1NiIsInR5cCI6IkpXVCJ9.eyJ1c2VybmFtZSI6InVzZXJfODIwNDVjZDAxZWJiIiwicGFzc3dvcmQiOiJEYnlLJldUa1JBdDciLCJpYXQiOjE3Njg5MDY2NTEsImV4cCI6MTc2OTE2NTg1MX0.0bSU6siyh4s6Ctqr1DuW3Cf2_FcTn-G4lCi21bc6lhs \u001b[32m302\u001b[0m 12.927ms","timestamp":"2026-01-20 11:02:16"}
{"level":"info","message":"\tGET /api/v1/auth/me \u001b[32m200\u001b[0m 2.360ms","timestamp":"2026-01-20 11:02:23"}
{"level":"info","message":"\tGET /api/v1/auth/magic-login?t=eyJhbGciOiJIUzI1NiIsInR5cCI6IkpXVCJ9.eyJ1c2VybmFtZSI6InVzZXJfODIwNDVjZDAxZWJiIiwicGFzc3dvcmQiOiJEYnlLJldUa1JBdDciLCJpYXQiOjE3Njg5MDY2NTEsImV4cCI6MTc2OTE2NTg1MX0.0bSU6siyh4s6Ctqr1DuW3Cf2_FcTn-G4lCi21bc6lhs \u001b[32m302\u001b[0m 15.855ms","timestamp":"2026-01-20 11:02:57"}
{"level":"info","message":"\tGET /api/v1/auth/me \u001b[32m200\u001b[0m 2.187ms","timestamp":"2026-01-20 11:02:58"}
{"level":"info","message":"\tGET /api/v1/auth/magic-login?t=eyJhbGciOiJIUzI1NiIsInR5cCI6IkpXVCJ9.eyJ1c2VybmFtZSI6InVzZXJfODIwNDVjZDAxZWJiIiwicGFzc3dvcmQiOiJEYnlLJldUa1JBdDciLCJpYXQiOjE3Njg5MDY2NTEsImV4cCI6MTc2OTE2NTg1MX0.0bSU6siyh4s6Ctqr1DuW3Cf2_FcTn-G4lCi21bc6lhs \u001b[32m302\u001b[0m 4.430ms","timestamp":"2026-01-20 11:03:09"}
{"level":"info","message":"\tGET /api/v1/auth/magic-login?t=eyJhbGciOiJIUzI1NiIsInR5cCI6IkpXVCJ9.eyJ1c2VybmFtZSI6InVzZXJfODIwNDVjZDAxZWJiIiwicGFzc3dvcmQiOiJEYnlLJldUa1JBdDciLCJpYXQiOjE3Njg5MDY2NTEsImV4cCI6MTc2OTE2NTg1MX0.0bSU6siyh4s6Ctqr1DuW3Cf2_FcTn-G4lCi21bc6lhs \u001b[32m302\u001b[0m 3.117ms","timestamp":"2026-01-20 11:03:11"}
{"level":"info","message":"\tGET /api/v1/auth/magic-login?t=eyJhbGciOiJIUzI1NiIsInR5cCI6IkpXVCJ9.eyJ1c2VybmFtZSI6InVzZXJfODIwNDVjZDAxZWJiIiwicGFzc3dvcmQiOiJEYnlLJldUa1JBdDciLCJpYXQiOjE3Njg5MDY2NTEsImV4cCI6MTc2OTE2NTg1MX0.0bSU6siyh4s6Ctqr1DuW3Cf2_FcTn-G4lCi21bc6lhs \u001b[32m302\u001b[0m 5.780ms","timestamp":"2026-01-20 11:03:13"}
{"level":"info","message":"\tGET /api/v1/auth/me \u001b[32m200\u001b[0m 3.622ms","timestamp":"2026-01-20 11:03:14"}
{"level":"info","message":"\tGET /api/v1/auth/me \u001b[32m200\u001b[0m 2.733ms","timestamp":"2026-01-20 11:03:17"}
{"level":"info","message":"\tGET /api/v1/admin/accounts \u001b[32m304\u001b[0m 21.650ms","timestamp":"2026-01-20 11:06:15"}
{"level":"info","message":"\tPOST /api/v1/auth/login/admin \u001b[33m404\u001b[0m 13.921ms","timestamp":"2026-01-20 11:06:33"}
{"level":"info","message":"\tPOST /api/v1/auth/login/admin \u001b[33m404\u001b[0m 10.872ms","timestamp":"2026-01-20 11:06:55"}
{"level":"info","message":"\tPOST /api/v1/auth/login/admin \u001b[33m404\u001b[0m 1.686ms","timestamp":"2026-01-20 11:06:58"}
{"level":"info","message":"\tPOST /api/v1/auth/login/user \u001b[32m200\u001b[0m 13.759ms","timestamp":"2026-01-20 11:07:38"}
{"level":"info","message":"\tGET /api/v1/auth/me \u001b[32m200\u001b[0m 3.176ms","timestamp":"2026-01-20 11:07:38"}
{"level":"info","message":"\tGET /api/v1/admin/exams \u001b[32m200\u001b[0m 16.216ms","timestamp":"2026-01-20 11:08:28"}
{"level":"info","message":"\tGET /api/v1/admin/exams \u001b[32m304\u001b[0m 3.906ms","timestamp":"2026-01-20 11:08:28"}
{"level":"info","message":"\tGET /api/v1/auth/magic-login?t=eyJhbGciOiJIUzI1NiIsInR5cCI6IkpXVCJ9.eyJ1c2VybmFtZSI6InVzZXJfODIwNDVjZDAxZWJiIiwicGFzc3dvcmQiOiJEYnlLJldUa1JBdDciLCJpYXQiOjE3Njg5MDY2NTEsImV4cCI6MTc2OTE2NTg1MX0.0bSU6siyh4s6Ctqr1DuW3Cf2_FcTn-G4lCi21bc6lhs \u001b[32m302\u001b[0m 6.967ms","timestamp":"2026-01-20 11:08:35"}
{"level":"info","message":"\tGET /api/v1/auth/me \u001b[32m200\u001b[0m 2.439ms","timestamp":"2026-01-20 11:08:35"}
{"level":"info","message":"\tGET /api/v1/auth/magic-login?t=eyJhbGciOiJIUzI1NiIsInR5cCI6IkpXVCJ9.eyJ1c2VybmFtZSI6InVzZXJfODIwNDVjZDAxZWJiIiwicGFzc3dvcmQiOiJEYnlLJldUa1JBdDciLCJpYXQiOjE3Njg5MDY2NTEsImV4cCI6MTc2OTE2NTg1MX0.0bSU6siyh4s6Ctqr1DuW3Cf2_FcTn-G4lCi21bc6lhs \u001b[32m302\u001b[0m 3.907ms","timestamp":"2026-01-20 11:08:40"}
{"level":"info","message":"\tGET /api/v1/auth/me \u001b[32m200\u001b[0m 2.885ms","timestamp":"2026-01-20 11:08:45"}
{"level":"info","message":"\tGET /api/v1/auth/magic-login?t=eyJhbGciOiJIUzI1NiIsInR5cCI6IkpXVCJ9.eyJ1c2VybmFtZSI6InVzZXJfODIwNDVjZDAxZWJiIiwicGFzc3dvcmQiOiJEYnlLJldUa1JBdDciLCJpYXQiOjE3Njg5MDY2NTEsImV4cCI6MTc2OTE2NTg1MX0.0bSU6siyh4s6Ctqr1DuW3Cf2_FcTn-G4lCi21bc6lhs \u001b[32m302\u001b[0m 4.745ms","timestamp":"2026-01-20 11:08:51"}
{"level":"info","message":"\tGET /api/v1/auth/me \u001b[32m200\u001b[0m 2.678ms","timestamp":"2026-01-20 11:08:52"}
{"level":"info","message":"\tGET /api/v1/auth/magic-login?t=eyJhbGciOiJIUzI1NiIsInR5cCI6IkpXVCJ9.eyJ1c2VybmFtZSI6InVzZXJfODIwNDVjZDAxZWJiIiwicGFzc3dvcmQiOiJEYnlLJldUa1JBdDciLCJpYXQiOjE3Njg5MDY2NTEsImV4cCI6MTc2OTE2NTg1MX0.0bSU6siyh4s6Ctqr1DuW3Cf2_FcTn-G4lCi21bc6lhs \u001b[32m302\u001b[0m 13.347ms","timestamp":"2026-01-20 11:09:57"}
{"level":"info","message":"\tGET /api/v1/auth/me \u001b[32m200\u001b[0m 2.463ms","timestamp":"2026-01-20 11:09:58"}
{"level":"info","message":"\tGET /api/v1/auth/magic-login?t=eyJhbGciOiJIUzI1NiIsInR5cCI6IkpXVCJ9.eyJ1c2VybmFtZSI6InVzZXJfODIwNDVjZDAxZWJiIiwicGFzc3dvcmQiOiJEYnlLJldUa1JBdDciLCJpYXQiOjE3Njg5MDY2NTEsImV4cCI6MTc2OTE2NTg1MX0.0bSU6siyh4s6Ctqr1DuW3Cf2_FcTn-G4lCi21bc6lhs \u001b[32m302\u001b[0m 12.796ms","timestamp":"2026-01-20 11:10:15"}
{"level":"info","message":"\tGET /api/v1/auth/me \u001b[32m200\u001b[0m 3.087ms","timestamp":"2026-01-20 11:10:16"}
{"level":"info","message":"\tGET /api/v1/admin/exams \u001b[32m304\u001b[0m 5.234ms","timestamp":"2026-01-20 11:10:16"}
{"level":"info","message":"\tGET /api/v1/admin/exams \u001b[32m304\u001b[0m 6.265ms","timestamp":"2026-01-20 11:10:16"}
{"level":"info","message":"\tGET /api/v1/auth/magic-login?t=eyJhbGciOiJIUzI1NiIsInR5cCI6IkpXVCJ9.eyJ1c2VybmFtZSI6InVzZXJfODIwNDVjZDAxZWJiIiwicGFzc3dvcmQiOiJEYnlLJldUa1JBdDciLCJpYXQiOjE3Njg5MDY2NTEsImV4cCI6MTc2OTE2NTg1MX0.0bSU6siyh4s6Ctqr1DuW3Cf2_FcTn-G4lCi21bc6lhs \u001b[32m302\u001b[0m 5.574ms","timestamp":"2026-01-20 11:10:25"}
{"level":"info","message":"\tGET /api/v1/auth/me \u001b[32m200\u001b[0m 3.941ms","timestamp":"2026-01-20 11:10:31"}
{"level":"info","message":"\tGET /api/v1/admin/exams \u001b[32m200\u001b[0m 3.662ms","timestamp":"2026-01-20 11:10:34"}
{"level":"info","message":"\tGET /api/v1/admin/exams \u001b[32m304\u001b[0m 4.652ms","timestamp":"2026-01-20 11:10:34"}
{"level":"info","message":"\tPOST /api/v1/auth/login/admin \u001b[32m200\u001b[0m 14.070ms","timestamp":"2026-01-20 11:19:30"}
{"level":"info","message":"\tGET /api/v1/auth/me \u001b[32m200\u001b[0m 2.646ms","timestamp":"2026-01-20 11:19:30"}
{"level":"info","message":"\tGET /api/v1/admin/accounts \u001b[32m304\u001b[0m 7.434ms","timestamp":"2026-01-20 11:19:31"}
{"level":"info","message":"\tGET /api/v1/admin/exams \u001b[32m304\u001b[0m 7.732ms","timestamp":"2026-01-20 11:19:31"}
{"level":"info","message":"\tGET /api/v1/admin/exams \u001b[32m304\u001b[0m 6.246ms","timestamp":"2026-01-20 11:19:31"}
{"level":"info","message":"\tGET /api/v1/admin/accounts \u001b[32m304\u001b[0m 5.559ms","timestamp":"2026-01-20 11:19:31"}
{"level":"info","message":"\tGET /api/v1/admin/accounts \u001b[32m304\u001b[0m 4.995ms","timestamp":"2026-01-20 11:19:33"}
{"level":"info","message":"\tGET /api/v1/admin/exams \u001b[32m304\u001b[0m 4.514ms","timestamp":"2026-01-20 11:19:33"}
{"level":"info","message":"\tPOST /api/v1/admin/accounts/invitation \u001b[32m200\u001b[0m 2405.081ms","timestamp":"2026-01-20 11:19:48"}
{"level":"info","message":"\tGET /api/v1/admin/accounts \u001b[32m304\u001b[0m 4.881ms","timestamp":"2026-01-20 11:19:48"}
{"level":"info","message":"\tGET /api/v1/auth/magic-login?t=eyJhbGciOiJIUzI1NiIsInR5cCI6IkpXVCJ9.eyJ1c2VybmFtZSI6InVzZXJfOGU2NmNjZmI1NGM1IiwicGFzc3dvcmQiOiJkdVNOUlV5KmhUQEIiLCJpYXQiOjE3Njg5MDc5ODYsImV4cCI6MTc2OTE2NzE4Nn0.1Vv9SG51HP41-SApIZE9rR4UmDJYVDLhUXuP7_X7B1w \u001b[32m302\u001b[0m 4.656ms","timestamp":"2026-01-20 11:19:55"}
{"level":"info","message":"\tGET /api/v1/auth/me \u001b[32m200\u001b[0m 2.921ms","timestamp":"2026-01-20 11:19:56"}
{"level":"info","message":"\tGET /api/v1/admin/exams \u001b[32m304\u001b[0m 5.407ms","timestamp":"2026-01-20 11:19:56"}
{"level":"info","message":"\tGET /api/v1/admin/exams \u001b[32m304\u001b[0m 3.732ms","timestamp":"2026-01-20 11:19:56"}
{"level":"info","message":"\tGET /api/v1/auth/magic-login?t=eyJhbGciOiJIUzI1NiIsInR5cCI6IkpXVCJ9.eyJ1c2VybmFtZSI6InVzZXJfOGU2NmNjZmI1NGM1IiwicGFzc3dvcmQiOiJkdVNOUlV5KmhUQEIiLCJpYXQiOjE3Njg5MDc5ODYsImV4cCI6MTc2OTE2NzE4Nn0.1Vv9SG51HP41-SApIZE9rR4UmDJYVDLhUXuP7_X7B1w \u001b[32m302\u001b[0m 4.195ms","timestamp":"2026-01-20 11:20:02"}
{"level":"info","message":"\tGET /api/v1/auth/magic-login?t=eyJhbGciOiJIUzI1NiIsInR5cCI6IkpXVCJ9.eyJ1c2VybmFtZSI6InVzZXJfOGU2NmNjZmI1NGM1IiwicGFzc3dvcmQiOiJkdVNOUlV5KmhUQEIiLCJpYXQiOjE3Njg5MDc5ODYsImV4cCI6MTc2OTE2NzE4Nn0.1Vv9SG51HP41-SApIZE9rR4UmDJYVDLhUXuP7_X7B1w \u001b[32m302\u001b[0m 12.434ms","timestamp":"2026-01-20 11:20:16"}
{"level":"info","message":"\tGET /api/v1/auth/me \u001b[32m200\u001b[0m 2.594ms","timestamp":"2026-01-20 11:20:21"}
{"level":"info","message":"\tGET /api/v1/admin/exams \u001b[32m200\u001b[0m 5.832ms","timestamp":"2026-01-20 11:20:23"}
{"level":"info","message":"\tGET /api/v1/admin/exams \u001b[32m304\u001b[0m 3.279ms","timestamp":"2026-01-20 11:20:23"}
{"level":"info","message":"\tGET /robots.txt \u001b[33m404\u001b[0m 35.174ms","timestamp":"2026-01-20 14:26:20"}
{"level":"info","message":"\tGET / \u001b[33m404\u001b[0m 0.616ms","timestamp":"2026-01-20 15:56:21"}
